[ 20-Enero-2018  23:00:36 ] M001 - GET "/"
[ 20-Enero-2018  23:00:44 ] -----------------------------------------------------
[ 20-Enero-2018  23:00:44 ] M001 - GET "/login"
[ 20-Enero-2018  23:00:44 ] El id user no tiene ningún id
[ 20-Enero-2018  23:01:23 ] -----------------------------------------------------
[ 20-Enero-2018  23:01:23 ] M001 - GET "/login"
[ 20-Enero-2018  23:01:23 ] El id user no tiene ningún id
[ 20-Enero-2018  23:01:39 ] -----------------------------------------------------
[ 20-Enero-2018  23:01:39 ] M001 - POST "/validation"
[ 20-Enero-2018  23:01:39 ] Email: mike@yahoo.com
[ 20-Enero-2018  23:01:39 ] Password: password
[ 20-Enero-2018  23:01:40 ] Esto se guardara en las variables de sesion: 
[ 20-Enero-2018  23:01:40 ] ID USER: 5a5f96ff70fb77298087ddcd
[ 20-Enero-2018  23:01:40 ] LOADBUSINESS: 0
[ 20-Enero-2018  23:01:40 ] -----------------------------------------------------
[ 20-Enero-2018  23:01:40 ] M001 GET "/ principal"
[ 20-Enero-2018  23:01:42 ] -----------------------------------------------------
[ 20-Enero-2018  23:01:42 ] M001 GET "/services"
[ 20-Enero-2018  23:01:42 ] Cargará los datos por primera vez
[ 20-Enero-2018  23:01:42 ] Se redireccionará a editar negocio pero ya mandara a llamar los datos locales.
[ 20-Enero-2018  23:13:16 ] -----------------------------------------------------
[ 20-Enero-2018  23:13:16 ] M001 GET "/ principal"
[ 20-Enero-2018  23:13:19 ] -----------------------------------------------------
[ 20-Enero-2018  23:13:19 ] M001 GET "/services"
[ 20-Enero-2018  23:13:19 ] Cargará los datos por primera vez
[ 20-Enero-2018  23:13:19 ] Se redireccionará a editar negocio pero ya mandara a llamar los datos locales.
[ 20-Enero-2018  23:16:00 ] -----------------------------------------------------
[ 20-Enero-2018  23:16:00 ] M001 - PUT "/editService"
[ 20-Enero-2018  23:16:00 ] El servicio se ha modificado con éxito
[ 20-Enero-2018  23:16:09 ] -----------------------------------------------------
[ 20-Enero-2018  23:16:09 ] M001 - PUT "/editService"
[ 20-Enero-2018  23:16:09 ] El servicio se ha modificado con éxito
[ 20-Enero-2018  23:16:10 ] -----------------------------------------------------
[ 20-Enero-2018  23:16:10 ] M001 - PUT "/editService"
[ 20-Enero-2018  23:16:10 ] El servicio se ha modificado con éxito
[ 20-Enero-2018  23:16:10 ] -----------------------------------------------------
[ 20-Enero-2018  23:16:10 ] M001 - PUT "/editService"
[ 20-Enero-2018  23:16:10 ] El servicio se ha modificado con éxito
[ 20-Enero-2018  23:16:10 ] -----------------------------------------------------
[ 20-Enero-2018  23:16:10 ] M001 - PUT "/editService"
[ 20-Enero-2018  23:16:10 ] El servicio se ha modificado con éxito
[ 20-Enero-2018  23:16:10 ] -----------------------------------------------------
[ 20-Enero-2018  23:16:10 ] M001 - PUT "/editService"
[ 20-Enero-2018  23:16:10 ] El servicio se ha modificado con éxito
[ 20-Enero-2018  23:16:10 ] -----------------------------------------------------
[ 20-Enero-2018  23:16:10 ] M001 - PUT "/editService"
[ 20-Enero-2018  23:16:10 ] El servicio se ha modificado con éxito
[ 20-Enero-2018  23:16:11 ] -----------------------------------------------------
[ 20-Enero-2018  23:16:11 ] M001 - PUT "/editService"
[ 20-Enero-2018  23:16:11 ] El servicio se ha modificado con éxito
[ 20-Enero-2018  23:16:11 ] -----------------------------------------------------
[ 20-Enero-2018  23:16:11 ] M001 - PUT "/editService"
[ 20-Enero-2018  23:16:11 ] El servicio se ha modificado con éxito
[ 20-Enero-2018  23:16:11 ] -----------------------------------------------------
[ 20-Enero-2018  23:16:11 ] M001 - PUT "/editService"
[ 20-Enero-2018  23:16:11 ] El servicio se ha modificado con éxito
[ 20-Enero-2018  23:16:11 ] -----------------------------------------------------
[ 20-Enero-2018  23:16:11 ] M001 - PUT "/editService"
[ 20-Enero-2018  23:16:11 ] El servicio se ha modificado con éxito
[ 20-Enero-2018  23:16:11 ] -----------------------------------------------------
[ 20-Enero-2018  23:16:11 ] M001 - PUT "/editService"
[ 20-Enero-2018  23:16:11 ] El servicio se ha modificado con éxito
[ 20-Enero-2018  23:16:12 ] -----------------------------------------------------
[ 20-Enero-2018  23:16:12 ] M001 - PUT "/editService"
[ 20-Enero-2018  23:16:12 ] El servicio se ha modificado con éxito
[ 20-Enero-2018  23:16:54 ] -----------------------------------------------------
[ 20-Enero-2018  23:16:54 ] M001 GET "/services"
[ 20-Enero-2018  23:16:54 ] Cargará los datos por primera vez
[ 20-Enero-2018  23:16:54 ] Se redireccionará a editar negocio pero ya mandara a llamar los datos locales.
[ 20-Enero-2018  23:16:58 ] -----------------------------------------------------
[ 20-Enero-2018  23:16:58 ] M001 - PUT "/editService"
[ 20-Enero-2018  23:16:58 ] El servicio se ha modificado con éxito
[ 20-Enero-2018  23:16:59 ] -----------------------------------------------------
[ 20-Enero-2018  23:16:59 ] M001 - PUT "/editService"
[ 20-Enero-2018  23:16:59 ] El servicio se ha modificado con éxito
[ 20-Enero-2018  23:16:59 ] -----------------------------------------------------
[ 20-Enero-2018  23:16:59 ] M001 - PUT "/editService"
[ 20-Enero-2018  23:16:59 ] El servicio se ha modificado con éxito
[ 20-Enero-2018  23:16:59 ] -----------------------------------------------------
[ 20-Enero-2018  23:16:59 ] M001 - PUT "/editService"
[ 20-Enero-2018  23:16:59 ] El servicio se ha modificado con éxito
[ 20-Enero-2018  23:16:59 ] -----------------------------------------------------
[ 20-Enero-2018  23:16:59 ] M001 - PUT "/editService"
[ 20-Enero-2018  23:16:59 ] El servicio se ha modificado con éxito
[ 20-Enero-2018  23:24:37 ] -----------------------------------------------------
[ 20-Enero-2018  23:24:37 ] M001 GET "/services"
[ 20-Enero-2018  23:24:37 ] Cargará los datos por primera vez
[ 20-Enero-2018  23:24:37 ] Se redireccionará a editar negocio pero ya mandara a llamar los datos locales.
[ 20-Enero-2018  23:24:44 ] -----------------------------------------------------
[ 20-Enero-2018  23:24:44 ] M001 - PUT "/editService"
[ 20-Enero-2018  23:24:44 ] El servicio se ha modificado con éxito
[ 20-Enero-2018  23:25:33 ] -----------------------------------------------------
[ 20-Enero-2018  23:25:33 ] M001 GET "/services"
[ 20-Enero-2018  23:25:33 ] Cargará los datos por primera vez
[ 20-Enero-2018  23:25:33 ] Se redireccionará a editar negocio pero ya mandara a llamar los datos locales.
[ 20-Enero-2018  23:27:09 ] -----------------------------------------------------
[ 20-Enero-2018  23:27:09 ] M001 - PUT "/editService"
[ 20-Enero-2018  23:27:09 ] El servicio se ha modificado con éxito
[ 20-Enero-2018  23:35:04 ] -----------------------------------------------------
[ 20-Enero-2018  23:35:04 ] M001 GET "/services"
[ 20-Enero-2018  23:35:04 ] Cargará los datos por primera vez
[ 20-Enero-2018  23:35:04 ] Se redireccionará a editar negocio pero ya mandara a llamar los datos locales.
