[ 03-Febrero-2018  16:01:23 ] -----------------------------------------------------
[ 03-Febrero-2018  16:01:23 ] M001 - GET "/login"
[ 03-Febrero-2018  16:01:23 ] El id user no tiene ningún id
[ 03-Febrero-2018  16:01:37 ] -----------------------------------------------------
[ 03-Febrero-2018  16:01:37 ] M001 GET "/availableemail/emailcheck"
[ 03-Febrero-2018  16:01:37 ] Emailcheck: gama@d.com
[ 03-Febrero-2018  16:48:29 ] -----------------------------------------------------
[ 03-Febrero-2018  16:48:29 ] M001 - GET "/login"
[ 03-Febrero-2018  16:48:29 ] El id user no tiene ningún id
[ 03-Febrero-2018  16:48:49 ] -----------------------------------------------------
[ 03-Febrero-2018  16:48:49 ] M001 - GET "/login"
[ 03-Febrero-2018  16:48:49 ] El id user no tiene ningún id
[ 03-Febrero-2018  16:49:16 ] -----------------------------------------------------
[ 03-Febrero-2018  16:49:16 ] M001 - GET "/login"
[ 03-Febrero-2018  16:49:16 ] El id user no tiene ningún id
[ 03-Febrero-2018  16:52:36 ] -----------------------------------------------------
[ 03-Febrero-2018  16:52:36 ] M001 - GET "/login"
[ 03-Febrero-2018  16:52:36 ] El id user no tiene ningún id
[ 03-Febrero-2018  16:52:50 ] -----------------------------------------------------
[ 03-Febrero-2018  16:52:50 ] M001 - GET "/login"
[ 03-Febrero-2018  16:52:50 ] El id user no tiene ningún id
[ 03-Febrero-2018  16:53:18 ] -----------------------------------------------------
[ 03-Febrero-2018  16:53:18 ] M001 - GET "/login"
[ 03-Febrero-2018  16:53:18 ] El id user no tiene ningún id
[ 03-Febrero-2018  16:54:56 ] -----------------------------------------------------
[ 03-Febrero-2018  16:54:56 ] M001 - GET "/login"
[ 03-Febrero-2018  16:54:56 ] El id user no tiene ningún id
[ 03-Febrero-2018  16:55:28 ] -----------------------------------------------------
[ 03-Febrero-2018  16:55:28 ] M001 - GET "/login"
[ 03-Febrero-2018  16:55:28 ] El id user no tiene ningún id
[ 03-Febrero-2018  16:55:36 ] -----------------------------------------------------
[ 03-Febrero-2018  16:55:36 ] M001 - GET "/login"
[ 03-Febrero-2018  16:55:36 ] El id user no tiene ningún id
[ 03-Febrero-2018  16:55:36 ] -----------------------------------------------------
[ 03-Febrero-2018  16:55:36 ] M001 - GET "/login"
[ 03-Febrero-2018  16:55:36 ] El id user no tiene ningún id
[ 03-Febrero-2018  16:55:36 ] -----------------------------------------------------
[ 03-Febrero-2018  16:55:36 ] M001 - GET "/login"
[ 03-Febrero-2018  16:55:36 ] El id user no tiene ningún id
[ 03-Febrero-2018  17:02:06 ] -----------------------------------------------------
[ 03-Febrero-2018  17:02:06 ] M001 - GET "/login"
[ 03-Febrero-2018  17:02:06 ] El id user no tiene ningún id
[ 03-Febrero-2018  17:02:16 ] -----------------------------------------------------
[ 03-Febrero-2018  17:02:16 ] M001 - GET "/login"
[ 03-Febrero-2018  17:02:16 ] El id user no tiene ningún id
[ 03-Febrero-2018  17:02:17 ] -----------------------------------------------------
[ 03-Febrero-2018  17:02:17 ] M001 - GET "/login"
[ 03-Febrero-2018  17:02:17 ] El id user no tiene ningún id
[ 03-Febrero-2018  17:02:17 ] -----------------------------------------------------
[ 03-Febrero-2018  17:02:17 ] M001 - GET "/login"
[ 03-Febrero-2018  17:02:17 ] El id user no tiene ningún id
[ 03-Febrero-2018  17:04:43 ] -----------------------------------------------------
[ 03-Febrero-2018  17:04:43 ] M001 - GET "/login"
[ 03-Febrero-2018  17:04:43 ] El id user no tiene ningún id
[ 03-Febrero-2018  17:04:43 ] -----------------------------------------------------
[ 03-Febrero-2018  17:04:43 ] M001 - GET "/login"
[ 03-Febrero-2018  17:04:43 ] El id user no tiene ningún id
[ 03-Febrero-2018  17:04:43 ] -----------------------------------------------------
[ 03-Febrero-2018  17:04:43 ] M001 - GET "/login"
[ 03-Febrero-2018  17:04:43 ] El id user no tiene ningún id
[ 03-Febrero-2018  17:04:43 ] -----------------------------------------------------
[ 03-Febrero-2018  17:04:43 ] M001 - GET "/login"
[ 03-Febrero-2018  17:04:43 ] El id user no tiene ningún id
[ 03-Febrero-2018  17:04:43 ] -----------------------------------------------------
[ 03-Febrero-2018  17:04:43 ] M001 - GET "/login"
[ 03-Febrero-2018  17:04:43 ] El id user no tiene ningún id
[ 03-Febrero-2018  17:04:44 ] -----------------------------------------------------
[ 03-Febrero-2018  17:04:44 ] M001 - GET "/login"
[ 03-Febrero-2018  17:04:44 ] El id user no tiene ningún id
[ 03-Febrero-2018  17:10:12 ] -----------------------------------------------------
[ 03-Febrero-2018  17:10:12 ] M001 - GET "/login"
[ 03-Febrero-2018  17:10:12 ] El id user no tiene ningún id
[ 03-Febrero-2018  17:10:12 ] -----------------------------------------------------
[ 03-Febrero-2018  17:10:12 ] M001 - GET "/login"
[ 03-Febrero-2018  17:10:12 ] El id user no tiene ningún id
[ 03-Febrero-2018  17:10:12 ] -----------------------------------------------------
[ 03-Febrero-2018  17:10:12 ] M001 - GET "/login"
[ 03-Febrero-2018  17:10:12 ] El id user no tiene ningún id
[ 03-Febrero-2018  17:10:12 ] -----------------------------------------------------
[ 03-Febrero-2018  17:10:12 ] M001 - GET "/login"
[ 03-Febrero-2018  17:10:12 ] El id user no tiene ningún id
[ 03-Febrero-2018  17:10:13 ] -----------------------------------------------------
[ 03-Febrero-2018  17:10:13 ] M001 - GET "/login"
[ 03-Febrero-2018  17:10:13 ] El id user no tiene ningún id
[ 03-Febrero-2018  17:10:13 ] -----------------------------------------------------
[ 03-Febrero-2018  17:10:13 ] M001 - GET "/login"
[ 03-Febrero-2018  17:10:13 ] El id user no tiene ningún id
[ 03-Febrero-2018  17:11:38 ] -----------------------------------------------------
[ 03-Febrero-2018  17:11:38 ] M001 - GET "/login"
[ 03-Febrero-2018  17:11:38 ] El id user no tiene ningún id
[ 03-Febrero-2018  17:11:48 ] -----------------------------------------------------
[ 03-Febrero-2018  17:11:48 ] M001 - GET "/login"
[ 03-Febrero-2018  17:11:48 ] El id user no tiene ningún id
[ 03-Febrero-2018  17:11:57 ] -----------------------------------------------------
[ 03-Febrero-2018  17:11:57 ] M001 - GET "/login"
[ 03-Febrero-2018  17:11:57 ] El id user no tiene ningún id
[ 03-Febrero-2018  17:13:06 ] -----------------------------------------------------
[ 03-Febrero-2018  17:13:06 ] M001 - GET "/login"
[ 03-Febrero-2018  17:13:06 ] El id user no tiene ningún id
[ 03-Febrero-2018  17:13:33 ] -----------------------------------------------------
[ 03-Febrero-2018  17:13:33 ] M001 - GET "/login"
[ 03-Febrero-2018  17:13:33 ] El id user no tiene ningún id
[ 03-Febrero-2018  17:13:33 ] -----------------------------------------------------
[ 03-Febrero-2018  17:13:33 ] M001 - GET "/login"
[ 03-Febrero-2018  17:13:33 ] El id user no tiene ningún id
[ 03-Febrero-2018  17:13:33 ] -----------------------------------------------------
[ 03-Febrero-2018  17:13:33 ] M001 - GET "/login"
[ 03-Febrero-2018  17:13:33 ] El id user no tiene ningún id
[ 03-Febrero-2018  17:13:33 ] -----------------------------------------------------
[ 03-Febrero-2018  17:13:33 ] M001 - GET "/login"
[ 03-Febrero-2018  17:13:33 ] El id user no tiene ningún id
[ 03-Febrero-2018  17:13:33 ] -----------------------------------------------------
[ 03-Febrero-2018  17:13:33 ] M001 - GET "/login"
[ 03-Febrero-2018  17:13:33 ] El id user no tiene ningún id
[ 03-Febrero-2018  17:13:34 ] -----------------------------------------------------
[ 03-Febrero-2018  17:13:34 ] M001 - GET "/login"
[ 03-Febrero-2018  17:13:34 ] El id user no tiene ningún id
[ 03-Febrero-2018  17:14:31 ] -----------------------------------------------------
[ 03-Febrero-2018  17:14:31 ] M001 - GET "/login"
[ 03-Febrero-2018  17:14:31 ] El id user no tiene ningún id
[ 03-Febrero-2018  17:24:18 ] -----------------------------------------------------
[ 03-Febrero-2018  17:24:18 ] M001 - GET "/login"
[ 03-Febrero-2018  17:24:18 ] El id user no tiene ningún id
[ 03-Febrero-2018  17:24:33 ] -----------------------------------------------------
[ 03-Febrero-2018  17:24:33 ] M001 - GET "/login"
[ 03-Febrero-2018  17:24:33 ] El id user no tiene ningún id
[ 03-Febrero-2018  17:24:34 ] -----------------------------------------------------
[ 03-Febrero-2018  17:24:34 ] M001 - GET "/login"
[ 03-Febrero-2018  17:24:34 ] El id user no tiene ningún id
[ 03-Febrero-2018  17:24:36 ] -----------------------------------------------------
[ 03-Febrero-2018  17:24:36 ] M001 - GET "/login"
[ 03-Febrero-2018  17:24:36 ] El id user no tiene ningún id
[ 03-Febrero-2018  17:24:38 ] -----------------------------------------------------
[ 03-Febrero-2018  17:24:38 ] M001 - GET "/login"
[ 03-Febrero-2018  17:24:38 ] El id user no tiene ningún id
[ 03-Febrero-2018  17:24:40 ] -----------------------------------------------------
[ 03-Febrero-2018  17:24:40 ] M001 - GET "/login"
[ 03-Febrero-2018  17:24:40 ] El id user no tiene ningún id
[ 03-Febrero-2018  17:24:41 ] -----------------------------------------------------
[ 03-Febrero-2018  17:24:41 ] M001 - GET "/login"
[ 03-Febrero-2018  17:24:41 ] El id user no tiene ningún id
[ 03-Febrero-2018  17:26:29 ] -----------------------------------------------------
[ 03-Febrero-2018  17:26:29 ] M001 - GET "/login"
[ 03-Febrero-2018  17:26:29 ] El id user no tiene ningún id
[ 03-Febrero-2018  17:26:30 ] -----------------------------------------------------
[ 03-Febrero-2018  17:26:30 ] M001 - GET "/login"
[ 03-Febrero-2018  17:26:30 ] El id user no tiene ningún id
[ 03-Febrero-2018  17:26:31 ] -----------------------------------------------------
[ 03-Febrero-2018  17:26:31 ] M001 - GET "/login"
[ 03-Febrero-2018  17:26:31 ] El id user no tiene ningún id
[ 03-Febrero-2018  17:26:50 ] -----------------------------------------------------
[ 03-Febrero-2018  17:26:50 ] M001 - GET "/login"
[ 03-Febrero-2018  17:26:50 ] El id user no tiene ningún id
[ 03-Febrero-2018  17:26:51 ] -----------------------------------------------------
[ 03-Febrero-2018  17:26:51 ] M001 - GET "/login"
[ 03-Febrero-2018  17:26:51 ] El id user no tiene ningún id
[ 03-Febrero-2018  17:26:57 ] -----------------------------------------------------
[ 03-Febrero-2018  17:26:57 ] M001 - GET "/login"
[ 03-Febrero-2018  17:26:57 ] El id user no tiene ningún id
[ 03-Febrero-2018  17:27:00 ] -----------------------------------------------------
[ 03-Febrero-2018  17:27:00 ] M001 - GET "/login"
[ 03-Febrero-2018  17:27:00 ] El id user no tiene ningún id
[ 03-Febrero-2018  17:27:14 ] -----------------------------------------------------
[ 03-Febrero-2018  17:27:14 ] M001 - GET "/login"
[ 03-Febrero-2018  17:27:14 ] El id user no tiene ningún id
[ 03-Febrero-2018  17:27:19 ] -----------------------------------------------------
[ 03-Febrero-2018  17:27:19 ] M001 - GET "/login"
[ 03-Febrero-2018  17:27:19 ] El id user no tiene ningún id
[ 03-Febrero-2018  17:27:22 ] -----------------------------------------------------
[ 03-Febrero-2018  17:27:22 ] M001 - GET "/login"
[ 03-Febrero-2018  17:27:22 ] El id user no tiene ningún id
[ 03-Febrero-2018  17:27:24 ] -----------------------------------------------------
[ 03-Febrero-2018  17:27:24 ] M001 - GET "/login"
[ 03-Febrero-2018  17:27:24 ] El id user no tiene ningún id
[ 03-Febrero-2018  17:27:27 ] -----------------------------------------------------
[ 03-Febrero-2018  17:27:27 ] M001 - GET "/login"
[ 03-Febrero-2018  17:27:27 ] El id user no tiene ningún id
[ 03-Febrero-2018  17:27:28 ] -----------------------------------------------------
[ 03-Febrero-2018  17:27:28 ] M001 - GET "/login"
[ 03-Febrero-2018  17:27:28 ] El id user no tiene ningún id
[ 03-Febrero-2018  17:28:48 ] -----------------------------------------------------
[ 03-Febrero-2018  17:28:48 ] M001 - GET "/login"
[ 03-Febrero-2018  17:28:48 ] El id user no tiene ningún id
[ 03-Febrero-2018  17:29:51 ] -----------------------------------------------------
[ 03-Febrero-2018  17:29:51 ] M001 - GET "/login"
[ 03-Febrero-2018  17:29:51 ] El id user no tiene ningún id
[ 03-Febrero-2018  17:29:56 ] -----------------------------------------------------
[ 03-Febrero-2018  17:29:56 ] M001 - GET "/login"
[ 03-Febrero-2018  17:29:56 ] El id user no tiene ningún id
[ 03-Febrero-2018  17:30:31 ] -----------------------------------------------------
[ 03-Febrero-2018  17:30:31 ] M001 - GET "/login"
[ 03-Febrero-2018  17:30:31 ] El id user no tiene ningún id
[ 03-Febrero-2018  17:30:32 ] -----------------------------------------------------
[ 03-Febrero-2018  17:30:32 ] M001 - GET "/login"
[ 03-Febrero-2018  17:30:32 ] El id user no tiene ningún id
[ 03-Febrero-2018  17:31:36 ] -----------------------------------------------------
[ 03-Febrero-2018  17:31:36 ] M001 - GET "/login"
[ 03-Febrero-2018  17:31:36 ] El id user no tiene ningún id
[ 03-Febrero-2018  17:37:35 ] M001 - GET "/"
[ 03-Febrero-2018  17:37:35 ] El id user no tiene ningún id
[ 03-Febrero-2018  17:37:37 ] -----------------------------------------------------
[ 03-Febrero-2018  17:37:37 ] M001 - GET "/login"
[ 03-Febrero-2018  17:37:37 ] El id user no tiene ningún id
[ 03-Febrero-2018  17:38:31 ] M001 - GET "/"
[ 03-Febrero-2018  17:38:31 ] El id user no tiene ningún id
[ 03-Febrero-2018  17:38:34 ] -----------------------------------------------------
[ 03-Febrero-2018  17:38:34 ] M001 - GET "/login"
[ 03-Febrero-2018  17:38:34 ] El id user no tiene ningún id
[ 03-Febrero-2018  17:39:30 ] M001 - GET "/"
[ 03-Febrero-2018  17:39:30 ] El id user no tiene ningún id
[ 03-Febrero-2018  17:39:31 ] -----------------------------------------------------
[ 03-Febrero-2018  17:39:31 ] M001 - GET "/login"
[ 03-Febrero-2018  17:39:31 ] El id user no tiene ningún id
[ 03-Febrero-2018  17:40:16 ] M001 - GET "/"
[ 03-Febrero-2018  17:40:16 ] El id user no tiene ningún id
[ 03-Febrero-2018  17:40:16 ] -----------------------------------------------------
[ 03-Febrero-2018  17:40:16 ] M001 - GET "/login"
[ 03-Febrero-2018  17:40:16 ] El id user no tiene ningún id
[ 03-Febrero-2018  17:40:37 ] M001 - GET "/"
[ 03-Febrero-2018  17:40:37 ] El id user no tiene ningún id
[ 03-Febrero-2018  17:40:38 ] -----------------------------------------------------
[ 03-Febrero-2018  17:40:38 ] M001 - GET "/login"
[ 03-Febrero-2018  17:40:38 ] El id user no tiene ningún id
[ 03-Febrero-2018  17:41:29 ] M001 - GET "/"
[ 03-Febrero-2018  17:41:29 ] El id user no tiene ningún id
[ 03-Febrero-2018  17:41:31 ] -----------------------------------------------------
[ 03-Febrero-2018  17:41:31 ] M001 - GET "/login"
[ 03-Febrero-2018  17:41:31 ] El id user no tiene ningún id
[ 03-Febrero-2018  17:42:01 ] M001 - GET "/"
[ 03-Febrero-2018  17:42:01 ] El id user no tiene ningún id
[ 03-Febrero-2018  17:42:02 ] -----------------------------------------------------
[ 03-Febrero-2018  17:42:02 ] M001 - GET "/login"
[ 03-Febrero-2018  17:42:02 ] El id user no tiene ningún id
[ 03-Febrero-2018  17:42:43 ] M001 - GET "/"
[ 03-Febrero-2018  17:42:43 ] El id user no tiene ningún id
[ 03-Febrero-2018  17:42:45 ] -----------------------------------------------------
[ 03-Febrero-2018  17:42:45 ] M001 - GET "/login"
[ 03-Febrero-2018  17:42:45 ] El id user no tiene ningún id
[ 03-Febrero-2018  17:44:54 ] M001 - GET "/"
[ 03-Febrero-2018  17:44:54 ] El id user no tiene ningún id
[ 03-Febrero-2018  17:44:59 ] M001 - GET "/"
[ 03-Febrero-2018  17:44:59 ] El id user no tiene ningún id
[ 03-Febrero-2018  17:45:01 ] -----------------------------------------------------
[ 03-Febrero-2018  17:45:01 ] M001 - GET "/login"
[ 03-Febrero-2018  17:45:01 ] El id user no tiene ningún id
[ 03-Febrero-2018  17:48:04 ] M001 - GET "/"
[ 03-Febrero-2018  17:48:04 ] El id user no tiene ningún id
[ 03-Febrero-2018  17:48:10 ] -----------------------------------------------------
[ 03-Febrero-2018  17:48:10 ] M001 - GET "/login"
[ 03-Febrero-2018  17:48:10 ] El id user no tiene ningún id
[ 03-Febrero-2018  17:55:24 ] M001 - GET "/"
[ 03-Febrero-2018  17:55:24 ] El id user no tiene ningún id
[ 03-Febrero-2018  17:55:24 ] -----------------------------------------------------
[ 03-Febrero-2018  17:55:24 ] M001 - GET "/login"
[ 03-Febrero-2018  17:55:24 ] El id user no tiene ningún id
[ 03-Febrero-2018  17:56:07 ] M001 - GET "/"
[ 03-Febrero-2018  17:56:07 ] El id user no tiene ningún id
[ 03-Febrero-2018  17:56:09 ] -----------------------------------------------------
[ 03-Febrero-2018  17:56:09 ] M001 - GET "/login"
[ 03-Febrero-2018  17:56:09 ] El id user no tiene ningún id
[ 03-Febrero-2018  17:56:35 ] M001 - GET "/"
[ 03-Febrero-2018  17:56:35 ] El id user no tiene ningún id
[ 03-Febrero-2018  17:56:38 ] -----------------------------------------------------
[ 03-Febrero-2018  17:56:38 ] M001 - GET "/login"
[ 03-Febrero-2018  17:56:38 ] El id user no tiene ningún id
[ 03-Febrero-2018  17:57:02 ] -----------------------------------------------------
[ 03-Febrero-2018  17:57:02 ] M001 GET "/availableemail/emailcheck"
[ 03-Febrero-2018  17:57:02 ] Emailcheck: test@test.com
[ 03-Febrero-2018  17:57:15 ] -----------------------------------------------------
[ 03-Febrero-2018  17:57:15 ] M001 POST "/users"
[ 03-Febrero-2018  17:57:15 ] Email: test@test.com
[ 03-Febrero-2018  17:57:15 ] Password: testtest
[ 03-Febrero-2018  17:57:15 ] Username: undefined
[ 03-Febrero-2018  17:57:15 ] Se guardara el negocio por default
[ 03-Febrero-2018  17:57:15 ] Folder del usuario: HJZRBGk3ruzb8mIBuYrC6o9QNhalMJdOqxim
[ 03-Febrero-2018  17:57:15 ] ID Negocio: 5a764c5b543eb93a7cc56864
[ 03-Febrero-2018  17:57:18 ] -----------------------------------------------------
[ 03-Febrero-2018  17:57:18 ] M001 - GET "/login"
[ 03-Febrero-2018  17:57:18 ] El id user no tiene ningún id
[ 03-Febrero-2018  17:57:19 ] -----------------------------------------------------
[ 03-Febrero-2018  17:57:19 ] M001 - GET "/login"
[ 03-Febrero-2018  17:57:19 ] El id user no tiene ningún id
[ 03-Febrero-2018  17:57:24 ] -----------------------------------------------------
[ 03-Febrero-2018  17:57:24 ] M001 - GET "/login"
[ 03-Febrero-2018  17:57:24 ] El id user no tiene ningún id
[ 03-Febrero-2018  17:57:40 ] -----------------------------------------------------
[ 03-Febrero-2018  17:57:40 ] M001 - POST "/validation"
[ 03-Febrero-2018  17:57:40 ] Email: undefined
[ 03-Febrero-2018  17:57:40 ] Password: undefined
[ 03-Febrero-2018  17:57:54 ] -----------------------------------------------------
[ 03-Febrero-2018  17:57:54 ] M001 - POST "/validation"
[ 03-Febrero-2018  17:57:54 ] Email: undefined
[ 03-Febrero-2018  17:57:54 ] Password: undefined
[ 03-Febrero-2018  17:58:23 ] -----------------------------------------------------
[ 03-Febrero-2018  17:58:23 ] M001 GET "/availableemail/emailcheck"
[ 03-Febrero-2018  17:58:23 ] Emailcheck: ramon.gama@hpe.com
[ 03-Febrero-2018  17:58:31 ] -----------------------------------------------------
[ 03-Febrero-2018  17:58:31 ] M001 POST "/users"
[ 03-Febrero-2018  17:58:31 ] Email: ramon.gama@hpe.com
[ 03-Febrero-2018  17:58:31 ] Password: aid.ran-43
[ 03-Febrero-2018  17:58:31 ] Username: undefined
[ 03-Febrero-2018  17:58:31 ] Se guardara el negocio por default
[ 03-Febrero-2018  17:58:31 ] Folder del usuario: G6AO152d035489QVFFc6NCmggOShUrL4kgqp
[ 03-Febrero-2018  17:58:31 ] ID Negocio: 5a764ca7543eb93a7cc56866
[ 03-Febrero-2018  17:58:34 ] -----------------------------------------------------
[ 03-Febrero-2018  17:58:34 ] M001 - GET "/login"
[ 03-Febrero-2018  17:58:34 ] El id user no tiene ningún id
[ 03-Febrero-2018  17:58:34 ] -----------------------------------------------------
[ 03-Febrero-2018  17:58:34 ] M001 - GET "/login"
[ 03-Febrero-2018  17:58:34 ] El id user no tiene ningún id
[ 03-Febrero-2018  17:58:39 ] M001 - GET "/"
[ 03-Febrero-2018  17:58:39 ] El id user no tiene ningún id
[ 03-Febrero-2018  17:58:41 ] -----------------------------------------------------
[ 03-Febrero-2018  17:58:41 ] M001 - GET "/login"
[ 03-Febrero-2018  17:58:41 ] El id user no tiene ningún id
[ 03-Febrero-2018  17:58:53 ] -----------------------------------------------------
[ 03-Febrero-2018  17:58:53 ] M001 - POST "/validation"
[ 03-Febrero-2018  17:58:53 ] Email: undefined
[ 03-Febrero-2018  17:58:53 ] Password: undefined
[ 03-Febrero-2018  17:58:57 ] -----------------------------------------------------
[ 03-Febrero-2018  17:58:57 ] M001 - POST "/validation"
[ 03-Febrero-2018  17:58:57 ] Email: undefined
[ 03-Febrero-2018  17:58:57 ] Password: undefined
[ 03-Febrero-2018  18:00:25 ] -----------------------------------------------------
[ 03-Febrero-2018  18:00:25 ] M001 - POST "/validation"
[ 03-Febrero-2018  18:00:25 ] Email: undefined
[ 03-Febrero-2018  18:00:25 ] Password: undefined
[ 03-Febrero-2018  18:00:27 ] -----------------------------------------------------
[ 03-Febrero-2018  18:00:27 ] M001 - POST "/validation"
[ 03-Febrero-2018  18:00:27 ] Email: undefined
[ 03-Febrero-2018  18:00:27 ] Password: undefined
[ 03-Febrero-2018  18:01:45 ] -----------------------------------------------------
[ 03-Febrero-2018  18:01:45 ] M001 GET "/availableemail/emailcheck"
[ 03-Febrero-2018  18:01:45 ] Emailcheck: ramon@ramon.com
[ 03-Febrero-2018  18:01:57 ] -----------------------------------------------------
[ 03-Febrero-2018  18:01:57 ] M001 POST "/users"
[ 03-Febrero-2018  18:01:57 ] Email: ramon@ramon.com
[ 03-Febrero-2018  18:01:57 ] Password: aid.ran-43
[ 03-Febrero-2018  18:01:57 ] Username: undefined
[ 03-Febrero-2018  18:01:57 ] Se guardara el negocio por default
[ 03-Febrero-2018  18:01:58 ] Folder del usuario: 8kLkSeRijzgu1EreXmxS3wod1IU0YHV0JK0L
[ 03-Febrero-2018  18:01:58 ] ID Negocio: 5a764d75543eb93a7cc56868
[ 03-Febrero-2018  18:02:00 ] -----------------------------------------------------
[ 03-Febrero-2018  18:02:00 ] M001 - GET "/login"
[ 03-Febrero-2018  18:02:00 ] El id user no tiene ningún id
[ 03-Febrero-2018  18:02:00 ] -----------------------------------------------------
[ 03-Febrero-2018  18:02:00 ] M001 - GET "/login"
[ 03-Febrero-2018  18:02:00 ] El id user no tiene ningún id
[ 03-Febrero-2018  18:02:03 ] -----------------------------------------------------
[ 03-Febrero-2018  18:02:03 ] M001 - GET "/login"
[ 03-Febrero-2018  18:02:03 ] El id user no tiene ningún id
[ 03-Febrero-2018  18:02:21 ] -----------------------------------------------------
[ 03-Febrero-2018  18:02:21 ] M001 - POST "/validation"
[ 03-Febrero-2018  18:02:21 ] Email: undefined
[ 03-Febrero-2018  18:02:21 ] Password: undefined
[ 03-Febrero-2018  18:06:17 ] -----------------------------------------------------
[ 03-Febrero-2018  18:06:17 ] M001 - POST "/validation"
[ 03-Febrero-2018  18:06:17 ] Email: undefined
[ 03-Febrero-2018  18:06:17 ] Password: undefined
[ 03-Febrero-2018  18:06:20 ] -----------------------------------------------------
[ 03-Febrero-2018  18:06:20 ] M001 - POST "/validation"
[ 03-Febrero-2018  18:06:20 ] Email: undefined
[ 03-Febrero-2018  18:06:20 ] Password: undefined
[ 03-Febrero-2018  18:09:20 ] M001 - GET "/"
[ 03-Febrero-2018  18:09:20 ] El id user no tiene ningún id
[ 03-Febrero-2018  18:09:26 ] -----------------------------------------------------
[ 03-Febrero-2018  18:09:26 ] M001 - GET "/login"
[ 03-Febrero-2018  18:09:26 ] El id user no tiene ningún id
[ 03-Febrero-2018  18:09:57 ] -----------------------------------------------------
[ 03-Febrero-2018  18:09:57 ] M001 - POST "/validation"
[ 03-Febrero-2018  18:09:57 ] Email: ramon@ramon.com
[ 03-Febrero-2018  18:09:57 ] Password: undefined
[ 03-Febrero-2018  18:09:57 ] -----------------------------------------------------
[ 03-Febrero-2018  18:09:57 ] M001 - POST "/validation"
[ 03-Febrero-2018  18:09:57 ] Email: ramon@ramon.com
[ 03-Febrero-2018  18:09:57 ] Password: undefined
[ 03-Febrero-2018  18:11:47 ] M001 - GET "/"
[ 03-Febrero-2018  18:11:47 ] El id user no tiene ningún id
[ 03-Febrero-2018  18:11:50 ] -----------------------------------------------------
[ 03-Febrero-2018  18:11:50 ] M001 - GET "/login"
[ 03-Febrero-2018  18:11:50 ] El id user no tiene ningún id
[ 03-Febrero-2018  18:12:03 ] -----------------------------------------------------
[ 03-Febrero-2018  18:12:03 ] M001 - POST "/validation"
[ 03-Febrero-2018  18:12:03 ] Email: ramon@ramon.com
[ 03-Febrero-2018  18:12:03 ] Password: aid.ran-43
[ 03-Febrero-2018  18:12:03 ] Esto se guardara en las variables de sesion: 
[ 03-Febrero-2018  18:12:03 ] ID USER: 5a764d76543eb93a7cc56869
[ 03-Febrero-2018  18:12:03 ] LOADBUSINESS: 0
[ 03-Febrero-2018  18:12:03 ] -----------------------------------------------------
[ 03-Febrero-2018  18:12:03 ] M001 GET "/ principal"
[ 03-Febrero-2018  18:13:06 ] -----------------------------------------------------
[ 03-Febrero-2018  18:13:06 ] M001 GET "/ principal"
[ 03-Febrero-2018  18:13:09 ] -----------------------------------------------------
[ 03-Febrero-2018  18:13:09 ] M001 GET "/ principal"
[ 03-Febrero-2018  18:13:10 ] -----------------------------------------------------
[ 03-Febrero-2018  18:13:10 ] M001 GET "/ principal"
[ 03-Febrero-2018  18:13:10 ] -----------------------------------------------------
[ 03-Febrero-2018  18:13:10 ] M001 GET "/ principal"
[ 03-Febrero-2018  18:13:10 ] -----------------------------------------------------
[ 03-Febrero-2018  18:13:10 ] M001 GET "/ principal"
[ 03-Febrero-2018  18:13:10 ] -----------------------------------------------------
[ 03-Febrero-2018  18:13:10 ] M001 GET "/ principal"
[ 03-Febrero-2018  18:13:11 ] -----------------------------------------------------
[ 03-Febrero-2018  18:13:11 ] M001 GET "/ principal"
[ 03-Febrero-2018  18:13:11 ] -----------------------------------------------------
[ 03-Febrero-2018  18:13:11 ] M001 GET "/ principal"
[ 03-Febrero-2018  18:13:11 ] -----------------------------------------------------
[ 03-Febrero-2018  18:13:11 ] M001 GET "/ principal"
[ 03-Febrero-2018  18:13:11 ] -----------------------------------------------------
[ 03-Febrero-2018  18:13:11 ] M001 GET "/ principal"
[ 03-Febrero-2018  18:13:11 ] -----------------------------------------------------
[ 03-Febrero-2018  18:13:11 ] M001 GET "/ principal"
[ 03-Febrero-2018  18:13:23 ] -----------------------------------------------------
[ 03-Febrero-2018  18:13:23 ] M001 GET "/signout"
[ 03-Febrero-2018  18:13:23 ] -----------------------------------------------------
[ 03-Febrero-2018  18:13:23 ] M001 - GET "/login"
[ 03-Febrero-2018  18:13:23 ] El id user no tiene ningún id
[ 03-Febrero-2018  18:13:27 ] M001 - GET "/"
[ 03-Febrero-2018  18:13:27 ] El id user no tiene ningún id
[ 03-Febrero-2018  18:13:32 ] -----------------------------------------------------
[ 03-Febrero-2018  18:13:32 ] M001 - POST "/validation"
[ 03-Febrero-2018  18:13:32 ] Email: ramon@ramon.com
[ 03-Febrero-2018  18:13:32 ] Password: aid.ran-43
[ 03-Febrero-2018  18:13:32 ] Esto se guardara en las variables de sesion: 
[ 03-Febrero-2018  18:13:32 ] ID USER: 5a764d76543eb93a7cc56869
[ 03-Febrero-2018  18:13:32 ] LOADBUSINESS: 0
[ 03-Febrero-2018  18:13:32 ] -----------------------------------------------------
[ 03-Febrero-2018  18:13:32 ] M001 GET "/ principal"
[ 03-Febrero-2018  18:23:24 ] -----------------------------------------------------
[ 03-Febrero-2018  18:23:24 ] M001 GET "/signout"
[ 03-Febrero-2018  18:23:25 ] -----------------------------------------------------
[ 03-Febrero-2018  18:23:25 ] M001 - GET "/login"
[ 03-Febrero-2018  18:23:25 ] El id user no tiene ningún id
[ 03-Febrero-2018  18:26:30 ] M001 - GET "/"
[ 03-Febrero-2018  18:26:30 ] El id user no tiene ningún id
[ 03-Febrero-2018  18:26:50 ] M001 - GET "/"
[ 03-Febrero-2018  18:26:50 ] El id user no tiene ningún id
[ 03-Febrero-2018  18:27:03 ] -----------------------------------------------------
[ 03-Febrero-2018  18:27:03 ] M001 - POST "/validation"
[ 03-Febrero-2018  18:27:03 ] Email: ramon@ramon.com
[ 03-Febrero-2018  18:27:03 ] Password: aid.ran-43
[ 03-Febrero-2018  18:27:03 ] Esto se guardara en las variables de sesion: 
[ 03-Febrero-2018  18:27:03 ] ID USER: 5a764d76543eb93a7cc56869
[ 03-Febrero-2018  18:27:03 ] LOADBUSINESS: 0
[ 03-Febrero-2018  18:27:03 ] -----------------------------------------------------
[ 03-Febrero-2018  18:27:03 ] M001 GET "/ principal"
